<?xml version="1.0" encoding="UTF-8"?>
<!-- Generated by org.testng.reporters.JUnitReportReporter -->
<testsuite hostname="DESKTOP-TE083MB" failures="0" tests="1" name="git.Git_Demo" time="0.004" errors="0" timestamp="2023-12-22T15:43:10 IST" skipped="0">
  <testcase classname="git.Git_Demo" name="runGit_Demo" time="0.004"/>
</testsuite> <!-- git.Git_Demo -->
