<?xml version="1.0" encoding="UTF-8"?>
<!-- Generated by org.testng.reporters.JUnitReportReporter -->
<testsuite hostname="DESKTOP-TE083MB" failures="0" tests="1" name="git.Gitdemo_2" time="0.012" errors="0" timestamp="2023-12-22T15:43:10 IST" skipped="0">
  <testcase classname="git.Gitdemo_2" name="runGit_Demo_2" time="0.012"/>
</testsuite> <!-- git.Gitdemo_2 -->
