<?xml version="1.0" encoding="UTF-8"?>
<!-- Generated by org.testng.reporters.JUnitReportReporter -->
<testsuite hostname="DESKTOP-TE083MB" failures="0" tests="1" name="git.JenkisExecution" time="0.006" errors="0" timestamp="2023-12-22T16:39:45 IST" skipped="0">
  <testcase classname="git.JenkisExecution" name="runJenkis" time="0.006"/>
</testsuite> <!-- git.JenkisExecution -->
