<?xml version="1.0" encoding="UTF-8"?>
<!-- Generated by org.testng.reporters.JUnitReportReporter -->
<testsuite hostname="DESKTOP-TE083MB" failures="0" tests="1" name="git.PollSCM" time="0.006" errors="0" timestamp="2023-12-22T16:54:19 IST" skipped="0">
  <testcase classname="git.PollSCM" name="runPoll" time="0.006"/>
</testsuite> <!-- git.PollSCM -->
